{
  "debugObject": "general",
  "label": "REDCLIENT NODEJS MVC",
  "when": "2015-05-06 10:33:59",
  "data": "SERVER IS STARTING"
}
{
  "debugObject": "general",
  "label": "REDCLIENT NODEJS MVC",
  "when": "2015-05-06 10:35:50",
  "data": "SERVER IS STARTING"
}
{
  "debugObject": "general",
  "label": "REDCLIENT NODEJS MVC",
  "when": "2015-05-06 10:37:08",
  "data": "SERVER IS STARTING"
}
{
  "debugObject": "general",
  "label": "REDCLIENT NODEJS MVC",
  "when": "2015-05-06 10:41:55",
  "data": "SERVER IS STARTING"
}
{
  "debugObject": "general",
  "label": "REDCLIENT NODEJS MVC",
  "when": "2015-05-06 14:03:59",
  "data": "SERVER IS STARTING"
}
{
  "debugObject": "general",
  "label": "REDCLIENT NODEJS MVC",
  "when": "2015-05-06 14:04:41",
  "data": "SERVER IS STARTING"
}
{
  "debugObject": "general",
  "label": "REDCLIENT NODEJS MVC",
  "when": "2015-05-06 14:05:22",
  "data": "SERVER IS STARTING"
}
